Flutter crash report; please file at https://github.com/flutter/flutter/issues.

## command

flutter attach --machine -d Windows --debug-uri  http://127.0.0.1:64117/Cn9RhAw8XMs=

## exception

FormatException: FormatException: Scheme not starting with alphabetic character (at character 1)
 http://127.0.0.1:64117/Cn9RhAw8XMs=
^


```
#0      _Uri._fail (dart:core/uri.dart:1623:5)
#1      _Uri._makeScheme (dart:core/uri.dart:2184:7)
#2      new _Uri.notSimple (dart:core/uri.dart:1465:18)
#3      Uri.parse (dart:core/uri.dart:1022:17)
#4      AttachCommand.debugUri (package:flutter_tools/src/commands/attach.dart:125:25)
#5      AttachCommand.validateCommand (package:flutter_tools/src/commands/attach.dart:142:30)
<asynchronous suspension>
#6      FlutterCommand.verifyThenRunCommand (package:flutter_tools/src/runner/flutter_command.dart:462:11)
<asynchronous suspension>
#7      FlutterCommand.run.<anonymous closure> (package:flutter_tools/src/runner/flutter_command.dart:390:33)
<asynchronous suspension>
#8      AppContext.run.<anonymous closure> (package:flutter_tools/src/base/context.dart:154:29)
<asynchronous suspension>
#9      _rootRun (dart:async/zone.dart:1124:13)
#10     _CustomZone.run (dart:async/zone.dart:1021:19)
#11     _runZoned (dart:async/zone.dart:1516:10)
#12     runZoned (dart:async/zone.dart:1463:12)
#13     AppContext.run (package:flutter_tools/src/base/context.dart:153:18)
<asynchronous suspension>
#14     FlutterCommand.run (package:flutter_tools/src/runner/flutter_command.dart:381:20)
#15     CommandRunner.runCommand (package:args/command_runner.dart:197:27)
<asynchronous suspension>
#16     FlutterCommandRunner.runCommand.<anonymous closure> (package:flutter_tools/src/runner/flutter_command_runner.dart:396:21)
<asynchronous suspension>
#17     AppContext.run.<anonymous closure> (package:flutter_tools/src/base/context.dart:154:29)
<asynchronous suspension>
#18     _rootRun (dart:async/zone.dart:1124:13)
#19     _CustomZone.run (dart:async/zone.dart:1021:19)
#20     _runZoned (dart:async/zone.dart:1516:10)
#21     runZoned (dart:async/zone.dart:1463:12)
#22     AppContext.run (package:flutter_tools/src/base/context.dart:153:18)
<asynchronous suspension>
#23     FlutterCommandRunner.runCommand (package:flutter_tools/src/runner/flutter_command_runner.dart:356:19)
<asynchronous suspension>
#24     CommandRunner.run.<anonymous closure> (package:args/command_runner.dart:112:25)
#25     new Future.sync (dart:async/future.dart:224:31)
#26     CommandRunner.run (package:args/command_runner.dart:112:14)
#27     FlutterCommandRunner.run (package:flutter_tools/src/runner/flutter_command_runner.dart:242:18)
#28     run.<anonymous closure>.<anonymous closure> (package:flutter_tools/runner.dart:62:22)
<asynchronous suspension>
#29     _rootRun (dart:async/zone.dart:1124:13)
#30     _CustomZone.run (dart:async/zone.dart:1021:19)
#31     _runZoned (dart:async/zone.dart:1516:10)
#32     runZoned (dart:async/zone.dart:1500:12)
#33     run.<anonymous closure> (package:flutter_tools/runner.dart:60:18)
<asynchronous suspension>
#34     AppContext.run.<anonymous closure> (package:flutter_tools/src/base/context.dart:154:29)
<asynchronous suspension>
#35     _rootRun (dart:async/zone.dart:1124:13)
#36     _CustomZone.run (dart:async/zone.dart:1021:19)
#37     _runZoned (dart:async/zone.dart:1516:10)
#38     runZoned (dart:async/zone.dart:1463:12)
#39     AppContext.run (package:flutter_tools/src/base/context.dart:153:18)
<asynchronous suspension>
#40     runInContext (package:flutter_tools/src/context_runner.dart:58:24)
<asynchronous suspension>
#41     run (package:flutter_tools/runner.dart:51:10)
#42     main (package:flutter_tools/executable.dart:63:9)
<asynchronous suspension>
#43     main (file:///C:/Dhanush/flutter/packages/flutter_tools/bin/flutter_tools.dart:8:3)
#44     _startIsolate.<anonymous closure> (dart:isolate-patch/isolate_patch.dart:303:32)
#45     _RawReceivePortImpl._handleMessage (dart:isolate-patch/isolate_patch.dart:172:12)
```

## flutter doctor

```
[✓] Flutter (Channel master, v1.8.2-pre.192, on Microsoft Windows [Version 10.0.18362.267], locale en-US)
    • Flutter version 1.8.2-pre.192 at C:\Dhanush\flutter
    • Framework revision 30eec11e7d (2 weeks ago), 2019-07-25 20:54:10 -0700
    • Engine revision d8c9b1021b
    • Dart version 2.5.0 (build 2.5.0-dev.1.0 a2aec5eb06)

[!] Android toolchain - develop for Android devices (Android SDK version 29.0.1)
    • Android SDK at C:\android-sdk
    • Android NDK location not configured (optional; useful for native profiling support)
    • Platform android-29, build-tools 29.0.1
    • ANDROID_HOME = C:\android-sdk\platform-tools
    • Java binary at: C:\Program Files\Android\jdk\microsoft_dist_openjdk_1.8.0.25\bin\java
    • Java version OpenJDK Runtime Environment (build 1.8.0-25-microsoft-b00)
    ✗ Android license status unknown.
      Try re-installing or updating your Android SDK Manager.
      See https://developer.android.com/studio/#downloads or visit https://flutter.dev/setup/#android-setup for detailed instructions.

[✓] Visual Studio - develop for Windows (Visual Studio Community 2019 16.1.1)
    • Visual Studio at C:\Program Files (x86)\Microsoft Visual Studio\2019\Community
    • Visual Studio Community 2019 version 16.1.28922.388

[!] Android Studio (not installed)
    • Android Studio not found; download from https://developer.android.com/studio/index.html
      (or visit https://flutter.dev/setup/#android-setup for detailed instructions).

[✓] IntelliJ IDEA Ultimate Edition (version 2019.1)
    • IntelliJ at C:\Program Files\JetBrains\IntelliJ IDEA 2019.1.1
    • Flutter plugin version 37.0.2
    • Dart plugin version 191.7830

[✓] VS Code (version 1.37.0)
    • VS Code at C:\Users\Guru\AppData\Local\Programs\Microsoft VS Code
    • Flutter extension version 3.3.0

[✓] Connected device (1 available)
    • Windows • Windows • windows-x64 • Microsoft Windows [Version 10.0.18362.267]

! Doctor found issues in 2 categories.
```
